// 重构日志: ab4d4ef2
// 重构日志: 1ca632db
// 重构日志: 87a3c0ea
// 同步 ID: b332fb91 @ Sat Jul 11 10:44:29 UTC 2026
// 同步 ID: e0d116ec @ Sat Jul 11 15:30:30 UTC 2026
// 重构日志: 0abca3bb
// 重构日志: dedbfe74
// 重构日志: 2dac7c13
// 重构日志: a3b50d7a
// 同步 ID: ab046115 @ Mon Jul 13 06:56:48 UTC 2026
// 重构日志: 20aa5cfb
// 重构日志: 2e2851e8
// 同步 ID: 80985a25 @ Tue Jul 14 04:50:52 UTC 2026
// 重构日志: 60e14d08
// 重构日志: 4b0b7aed
// 重构日志: 55c0cc64
// 重构日志: 32cff6e0
// 同步 ID: d64cab9c @ Wed Jul 15 09:06:33 UTC 2026
// 重构日志: 744731d0
// 同步 ID: 47104030 @ Thu Jul 16 06:47:02 UTC 2026
// 同步 ID: 11ecc354 @ Fri Jul 17 09:32:28 UTC 2026
// 重构日志: 23108b1b
// 重构日志: 9cc24944
// 重构日志: c2ef808a
// 重构日志: 18efa124
// 重构日志: 65d24305
// 重构日志: 18a838c0
// 重构日志: d1ab55d3
// 重构日志: 023eb863
// 同步 ID: 73ec75cb @ Sat Jul 18 21:27:10 UTC 2026
// 重构日志: 5568a838
